d:\desktop\dscada-udp\dscada\daubsim\debug\dsim\dsim.pch
d:\desktop\dscada-udp\dscada\daubsim\debug\dsim\stdafx.sbr
d:\desktop\dscada-udp\dscada\daubsim\debug\dsim\stdafx.obj
d:\desktop\dscada-udp\dscada\daubsim\debug\dsim\vc142.pdb
d:\desktop\dscada-udp\dscada\daubsim\debug\dsim\ioascii.sbr
d:\desktop\dscada-udp\dscada\daubsim\debug\dsim\globals.sbr
d:\desktop\dscada-udp\dscada\daubsim\debug\dsim\processing.sbr
d:\desktop\dscada-udp\dscada\daubsim\debug\dsim\conversion.sbr
d:\desktop\dscada-udp\dscada\daubsim\debug\dsim\timers.sbr
d:\desktop\dscada-udp\dscada\daubsim\debug\dsim\simulator.sbr
d:\desktop\dscada-udp\dscada\daubsim\debug\dsim\simrandom.sbr
d:\desktop\dscada-udp\dscada\daubsim\debug\dsim\simplant.sbr
d:\desktop\dscada-udp\dscada\daubsim\debug\dsim\simlib.sbr
d:\desktop\dscada-udp\dscada\daubsim\debug\dsim\pvidstr.sbr
d:\desktop\dscada-udp\dscada\daubsim\debug\dsim\readconfigfile.sbr
d:\desktop\dscada-udp\dscada\daubsim\debug\dsim\pipefun.sbr
d:\desktop\dscada-udp\dscada\daubsim\debug\dsim\loger.sbr
d:\desktop\dscada-udp\dscada\daubsim\debug\dsim\hashfun.sbr
d:\desktop\dscada-udp\dscada\daubsim\debug\dsim\event.sbr
d:\desktop\dscada-udp\dscada\daubsim\debug\dsim\dsim.sbr
d:\desktop\dscada-udp\dscada\daubsim\debug\dsim\demosimdlg.sbr
d:\desktop\dscada-udp\dscada\daubsim\debug\dsim\demoaub.sbr
d:\desktop\dscada-udp\dscada\daubsim\debug\dsim\aubtime.sbr
d:\desktop\dscada-udp\dscada\daubsim\debug\dsim\applicationspecific.sbr
d:\desktop\dscada-udp\dscada\daubsim\debug\dsim\applicationspecific.obj
d:\desktop\dscada-udp\dscada\daubsim\debug\dsim\aubtime.obj
d:\desktop\dscada-udp\dscada\daubsim\debug\dsim\demoaub.obj
d:\desktop\dscada-udp\dscada\daubsim\debug\dsim\demosimdlg.obj
d:\desktop\dscada-udp\dscada\daubsim\debug\dsim\dsim.obj
d:\desktop\dscada-udp\dscada\daubsim\debug\dsim\event.obj
d:\desktop\dscada-udp\dscada\daubsim\debug\dsim\hashfun.obj
d:\desktop\dscada-udp\dscada\daubsim\debug\dsim\loger.obj
d:\desktop\dscada-udp\dscada\daubsim\debug\dsim\pipefun.obj
d:\desktop\dscada-udp\dscada\daubsim\debug\dsim\readconfigfile.obj
d:\desktop\dscada-udp\dscada\daubsim\debug\dsim\pvidstr.obj
d:\desktop\dscada-udp\dscada\daubsim\debug\dsim\simlib.obj
d:\desktop\dscada-udp\dscada\daubsim\debug\dsim\simplant.obj
d:\desktop\dscada-udp\dscada\daubsim\debug\dsim\simrandom.obj
d:\desktop\dscada-udp\dscada\daubsim\debug\dsim\simulator.obj
d:\desktop\dscada-udp\dscada\daubsim\debug\dsim\timers.obj
d:\desktop\dscada-udp\dscada\daubsim\debug\dsim\conversion.obj
d:\desktop\dscada-udp\dscada\daubsim\debug\dsim\processing.obj
d:\desktop\dscada-udp\dscada\daubsim\debug\dsim\globals.obj
d:\desktop\dscada-udp\dscada\daubsim\debug\dsim\ioascii.obj
d:\desktop\dscada-udp\dscada\daubsim\debug\dsim\dsim.exe
d:\desktop\dscada-udp\dscada\daubsim\debug\dsim\dsim.ilk
d:\desktop\dscada-udp\dscada\daubsim\debug\dsim\dsim.map
d:\desktop\dscada-udp\dscada\daubsim\debug\dsim\dsim.pdb
d:\desktop\dscada-udp\dscada\daubsim\debug\dsim\demoaub.res
d:\desktop\dscada-udp\dscada\daubsim\debug\dsim\vc142.idb
d:\desktop\dscada-udp\dscada\daubsim\debug\dsim\dsim.bsc
d:\desktop\dscada-udp\dscada\daubsim\debug\dsim\dsim.tlog\bscmake.command.1.tlog
d:\desktop\dscada-udp\dscada\daubsim\debug\dsim\dsim.tlog\bscmake.read.1.tlog
d:\desktop\dscada-udp\dscada\daubsim\debug\dsim\dsim.tlog\bscmake.write.1.tlog
d:\desktop\dscada-udp\dscada\daubsim\debug\dsim\dsim.tlog\cl.command.1.tlog
d:\desktop\dscada-udp\dscada\daubsim\debug\dsim\dsim.tlog\cl.read.1.tlog
d:\desktop\dscada-udp\dscada\daubsim\debug\dsim\dsim.tlog\cl.write.1.tlog
d:\desktop\dscada-udp\dscada\daubsim\debug\dsim\dsim.tlog\link.command.1.tlog
d:\desktop\dscada-udp\dscada\daubsim\debug\dsim\dsim.tlog\link.read.1.tlog
d:\desktop\dscada-udp\dscada\daubsim\debug\dsim\dsim.tlog\link.write.1.tlog
d:\desktop\dscada-udp\dscada\daubsim\debug\dsim\dsim.tlog\rc.command.1.tlog
d:\desktop\dscada-udp\dscada\daubsim\debug\dsim\dsim.tlog\rc.read.1.tlog
d:\desktop\dscada-udp\dscada\daubsim\debug\dsim\dsim.tlog\rc.write.1.tlog
